<?xml version="1.0" encoding="UTF-8"?>
<!-- Generated by org.testng.reporters.JUnitReportReporter -->
<testsuite skipped="0" hostname="IL013536" name="practice.AppiumFramework.HomePage" tests="1" failures="0" timestamp="2021-01-27T13:34:14 IST" time="16.784" errors="0">
  <testcase name="basePageNavigation" time="16.784" classname="practice.AppiumFramework.HomePage"/>
  <system-out/>
</testsuite> <!-- practice.AppiumFramework.HomePage -->
